生成启动时间为 2019/2/18 10:59:31。
     1>项目“C:\Users\wxn\Desktop\实习\Face_Recognition\ConsoleApplication1\ConsoleApplication1\ConsoleApplication1.vcxproj”在节点 2 上(Build 个目标)。
     1>ClCompile:
         C:\Program Files (x86)\Microsoft Visual Studio 11.0\VC\bin\x86_amd64\CL.exe /c /Zi /nologo /W3 /WX- /O2 /Oi /GL /D WIN32 /D NDEBUG /D _CONSOLE /D _UNICODE /D UNICODE /Gm- /EHsc /MD /GS /Gy /fp:precise /Zc:wchar_t /Zc:forScope /Fo"x64\Release\\" /Fd"x64\Release\vc110.pdb" /Gd /TP /errorReport:prompt main.cpp
         main.cpp
     1>main.cpp(146): warning C4244: “+=”: 从“double”转换到“int”，可能丢失数据
     1>main.cpp(147): warning C4244: “+=”: 从“double”转换到“int”，可能丢失数据
     1>main.cpp(148): warning C4244: “*=”: 从“double”转换到“int”，可能丢失数据
     1>main.cpp(149): warning C4244: “*=”: 从“double”转换到“int”，可能丢失数据
     1>main.cpp(259): warning C4244: “+=”: 从“double”转换到“int”，可能丢失数据
     1>main.cpp(260): warning C4244: “+=”: 从“double”转换到“int”，可能丢失数据
     1>main.cpp(261): warning C4244: “*=”: 从“double”转换到“int”，可能丢失数据
     1>main.cpp(262): warning C4244: “*=”: 从“double”转换到“int”，可能丢失数据
     1>main.cpp(302): warning C4244: “参数”: 从“double”转换到“int”，可能丢失数据
     1>main.cpp(192): warning C4101: “sample_decision”: 未引用的局部变量
     1>main.cpp(191): warning C4101: “prediction_sum”: 未引用的局部变量
     1>main.cpp(200): warning C4101: “confidence_filted”: 未引用的局部变量
     1>main.cpp(200): warning C4101: “confidence_sum”: 未引用的局部变量
     1>main.cpp(199): warning C4101: “label_out”: 未引用的局部变量
       Link:
         C:\Program Files (x86)\Microsoft Visual Studio 11.0\VC\bin\x86_amd64\link.exe /ERRORREPORT:PROMPT /OUT:"C:\Users\wxn\Desktop\实习\Face_Recognition\ConsoleApplication1\x64\Release\ConsoleApplication1.exe" /INCREMENTAL:NO /NOLOGO opencv_calib3d2413.lib opencv_calib3d2413d.lib opencv_contrib2413.lib opencv_contrib2413d.lib opencv_core2413.lib opencv_core2413d.lib opencv_features2d2413.lib opencv_features2d2413d.lib opencv_flann2413.lib opencv_flann2413d.lib opencv_gpu2413.lib opencv_gpu2413d.lib opencv_highgui2413.lib opencv_highgui2413d.lib opencv_imgproc2413.lib opencv_imgproc2413d.lib opencv_legacy2413.lib opencv_legacy2413d.lib opencv_ml2413.lib opencv_ml2413d.lib opencv_nonfree2413.lib opencv_nonfree2413d.lib opencv_objdetect2413.lib opencv_objdetect2413d.lib opencv_ocl2413.lib opencv_ocl2413d.lib opencv_photo2413.lib opencv_photo2413d.lib opencv_stitching2413.lib opencv_stitching2413d.lib opencv_superres2413.lib opencv_superres2413d.lib opencv_ts2413.lib opencv_ts2413d.lib opencv_video2413.lib opencv_video2413d.lib opencv_videostab2413.lib opencv_videostab2413d.lib kernel32.lib user32.lib gdi32.lib winspool.lib comdlg32.lib advapi32.lib shell32.lib ole32.lib oleaut32.lib uuid.lib odbc32.lib odbccp32.lib /MANIFEST /MANIFESTUAC:"level='asInvoker' uiAccess='false'" /manifest:embed /DEBUG /PDB:"C:\Users\wxn\Desktop\实习\Face_Recognition\ConsoleApplication1\x64\Release\ConsoleApplication1.pdb" /SUBSYSTEM:CONSOLE /OPT:REF /OPT:ICF /LTCG /TLBID:1 /DYNAMICBASE /NXCOMPAT /IMPLIB:"C:\Users\wxn\Desktop\实习\Face_Recognition\ConsoleApplication1\x64\Release\ConsoleApplication1.lib" /MACHINE:X64 x64\Release\main.obj
         正在生成代码
         已完成代码的生成
         ConsoleApplication1.vcxproj -> C:\Users\wxn\Desktop\实习\Face_Recognition\ConsoleApplication1\x64\Release\ConsoleApplication1.exe
     1>已完成生成项目“C:\Users\wxn\Desktop\实习\Face_Recognition\ConsoleApplication1\ConsoleApplication1\ConsoleApplication1.vcxproj”(Build 个目标)的操作。

生成成功。

已用时间 00:00:03.28
